<?xml version="1.0" encoding="UTF-8"?>
<!-- Generated by org.testng.reporters.JUnitReportReporter -->
<testsuite hostname="LAPTOP-A3UC9RTQ" failures="0" tests="4" name="testng.TestngPractice" time="0.017" errors="0" timestamp="2021-05-09T16:01:07 IST" skipped="0">
  <testcase classname="testng.TestngPractice" name="smuta" time="0.003"/>
  <system-out/>
  <testcase classname="testng.TestngPractice" name="tawaSmuta" time="0.005"/>
  <system-out/>
  <testcase classname="testng.TestngPractice" name="rawaSmuta" time="0.008"/>
  <system-out/>
  <testcase classname="testng.TestngPractice" name="smuta" time="0.001"/>
  <system-out/>
</testsuite> <!-- testng.TestngPractice -->
