<?xml version="1.0" encoding="UTF-8"?>
<!-- Generated by org.testng.reporters.JUnitReportReporter -->
<testsuite hostname="LAPTOP-A3UC9RTQ" failures="0" tests="3" name="testng.TestngPractice1" time="0.007" errors="0" timestamp="2021-05-09T16:01:07 IST" skipped="0">
  <testcase classname="testng.TestngPractice1" name="trupti" time="0.002"/>
  <system-out/>
  <testcase classname="testng.TestngPractice1" name="haathi" time="0.002"/>
  <system-out/>
  <testcase classname="testng.TestngPractice1" name="rj" time="0.003"/>
  <system-out/>
</testsuite> <!-- testng.TestngPractice1 -->
